<?xml version="1.0" encoding="UTF-8"?>
<!-- Generated by org.testng.reporters.JUnitXMLReporter -->
<testsuite hostname="YWT" ignored="0" name="测试" tests="5" failures="0" timestamp="22 十二月 2019 14:18:02 GMT" time="43.754" errors="0">
  <testcase name="login" time="12.551" classname="login.Login"/>
  <testcase name="addfriend" time="20.829" classname="addfriend.Addfriend"/>
  <testcase name="impression" time="5.037" classname="impression.Impression"/>
  <testcase name="chat" time="0.358" classname="chat.Chat"/>
  <testcase name="chat" time="4.954" classname="deletefriend.Deletefriend"/>
</testsuite> <!-- 测试 -->
